09:37:21.997 Api Request Received: messageType:GetStepValueRequest messageId:1176533151307860778 stepValueRequest:<stepText:"Vowels in English language are <vowels>." > 
09:37:21.997 Sending API response: messageType:GetStepValueResponse messageId:1176533151307860778 stepValueResponse:<stepValue:<stepValue:"Vowels in English language are {}." parameterizedStepValue:"Vowels in English language are <vowels>." parameters:"vowels" > > 
09:37:22.036 Api Request Received: messageType:GetStepValueRequest messageId:6303311909317162887 stepValueRequest:<stepText:"The word <word> has <count> vowels." > 
09:37:22.036 Sending API response: messageType:GetStepValueResponse messageId:6303311909317162887 stepValueResponse:<stepValue:<stepValue:"The word {} has {} vowels." parameterizedStepValue:"The word <word> has <count> vowels." parameters:"word" parameters:"count" > > 
09:37:22.076 Api Request Received: messageType:GetStepValueRequest messageId:4014777004823530259 stepValueRequest:<stepText:"Almost all words have vowels <table>" > 
09:37:22.076 Sending API response: messageType:GetStepValueResponse messageId:4014777004823530259 stepValueResponse:<stepValue:<stepValue:"Almost all words have vowels {}" parameterizedStepValue:"Almost all words have vowels <table>" parameters:"table" > > 
09:55:32.047 Api Request Received: messageType:GetStepValueRequest messageId:3432727018093587041 stepValueRequest:<stepText:"Vowels in English language are <vowels>." > 
09:55:32.048 Sending API response: messageType:GetStepValueResponse messageId:3432727018093587041 stepValueResponse:<stepValue:<stepValue:"Vowels in English language are {}." parameterizedStepValue:"Vowels in English language are <vowels>." parameters:"vowels" > > 
09:55:32.088 Api Request Received: messageType:GetStepValueRequest messageId:9131882052123515836 stepValueRequest:<stepText:"The word <word> has <count> vowels." > 
09:55:32.088 Sending API response: messageType:GetStepValueResponse messageId:9131882052123515836 stepValueResponse:<stepValue:<stepValue:"The word {} has {} vowels." parameterizedStepValue:"The word <word> has <count> vowels." parameters:"word" parameters:"count" > > 
09:55:32.129 Api Request Received: messageType:GetStepValueRequest messageId:3052763791879403708 stepValueRequest:<stepText:"Almost all words have vowels <table>" > 
09:55:32.129 Sending API response: messageType:GetStepValueResponse messageId:3052763791879403708 stepValueResponse:<stepValue:<stepValue:"Almost all words have vowels {}" parameterizedStepValue:"Almost all words have vowels <table>" parameters:"table" > > 
10:05:49.783 Api Request Received: messageType:GetStepValueRequest messageId:8594382050616860746 stepValueRequest:<stepText:"Vowels in English language are <vowels>." > 
10:05:49.785 Sending API response: messageType:GetStepValueResponse messageId:8594382050616860746 stepValueResponse:<stepValue:<stepValue:"Vowels in English language are {}." parameterizedStepValue:"Vowels in English language are <vowels>." parameters:"vowels" > > 
10:05:49.824 Api Request Received: messageType:GetStepValueRequest messageId:2482886020068663738 stepValueRequest:<stepText:"The word <word> has <count> vowels." > 
10:05:49.824 Sending API response: messageType:GetStepValueResponse messageId:2482886020068663738 stepValueResponse:<stepValue:<stepValue:"The word {} has {} vowels." parameterizedStepValue:"The word <word> has <count> vowels." parameters:"word" parameters:"count" > > 
10:05:49.864 Api Request Received: messageType:GetStepValueRequest messageId:8611608848200258620 stepValueRequest:<stepText:"Almost all words have vowels <table>" > 
10:05:49.864 Sending API response: messageType:GetStepValueResponse messageId:8611608848200258620 stepValueResponse:<stepValue:<stepValue:"Almost all words have vowels {}" parameterizedStepValue:"Almost all words have vowels <table>" parameters:"table" > > 
10:18:14.517 Api Request Received: messageType:GetStepValueRequest messageId:2116176219736297433 stepValueRequest:<stepText:"Vowels in English language are <vowels>." > 
10:18:14.517 Sending API response: messageType:GetStepValueResponse messageId:2116176219736297433 stepValueResponse:<stepValue:<stepValue:"Vowels in English language are {}." parameterizedStepValue:"Vowels in English language are <vowels>." parameters:"vowels" > > 
10:18:14.556 Api Request Received: messageType:GetStepValueRequest messageId:8647889774302271483 stepValueRequest:<stepText:"The word <word> has <count> vowels." > 
10:18:14.556 Sending API response: messageType:GetStepValueResponse messageId:8647889774302271483 stepValueResponse:<stepValue:<stepValue:"The word {} has {} vowels." parameterizedStepValue:"The word <word> has <count> vowels." parameters:"word" parameters:"count" > > 
10:18:14.596 Api Request Received: messageType:GetStepValueRequest messageId:7644409020776821975 stepValueRequest:<stepText:"Almost all words have vowels <table>" > 
10:18:14.596 Sending API response: messageType:GetStepValueResponse messageId:7644409020776821975 stepValueResponse:<stepValue:<stepValue:"Almost all words have vowels {}" parameterizedStepValue:"Almost all words have vowels <table>" parameters:"table" > > 
09:49:54.853 Api Request Received: messageType:GetStepValueRequest messageId:8871883966235746239 stepValueRequest:<stepText:"Vowels in English language are <vowels>." > 
09:49:54.853 Sending API response: messageType:GetStepValueResponse messageId:8871883966235746239 stepValueResponse:<stepValue:<stepValue:"Vowels in English language are {}." parameterizedStepValue:"Vowels in English language are <vowels>." parameters:"vowels" > > 
09:49:54.892 Api Request Received: messageType:GetStepValueRequest messageId:1534891609472383965 stepValueRequest:<stepText:"The word <word> has <count> vowels." > 
09:49:54.892 Sending API response: messageType:GetStepValueResponse messageId:1534891609472383965 stepValueResponse:<stepValue:<stepValue:"The word {} has {} vowels." parameterizedStepValue:"The word <word> has <count> vowels." parameters:"word" parameters:"count" > > 
09:49:54.932 Api Request Received: messageType:GetStepValueRequest messageId:6711773769595246583 stepValueRequest:<stepText:"Almost all words have vowels <table>" > 
09:49:54.932 Sending API response: messageType:GetStepValueResponse messageId:6711773769595246583 stepValueResponse:<stepValue:<stepValue:"Almost all words have vowels {}" parameterizedStepValue:"Almost all words have vowels <table>" parameters:"table" > > 
